<?xml version="1.0" encoding="UTF-8"?>
<!-- Generated by org.testng.reporters.JUnitReportReporter -->
<testsuite hostname="PC" name="com.mavenproj.CRM" tests="1" failures="0" timestamp="1 Sep 2019 18:21:00 GMT" time="28.041" errors="0">
  <testcase name="getlogin" time="28.041" classname="com.mavenproj.CRM"/>
</testsuite> <!-- com.mavenproj.CRM -->
