<?xml version="1.0" encoding="UTF-8"?>
<!-- Generated by org.testng.reporters.JUnitReportReporter -->
<testsuite skipped="0" hostname="PC" name="com.mavenproj.getrequestTest3" tests="1" failures="0" timestamp="29 Jun 2020 17:14:58 GMT" time="4.507" errors="0">
  <testcase name="getrequestwithjsonpath" time="4.507" classname="com.mavenproj.getrequestTest3"/>
</testsuite> <!-- com.mavenproj.getrequestTest3 -->
