<?xml version="1.0" encoding="UTF-8"?>
<!-- Generated by org.testng.reporters.JUnitReportReporter -->
<testsuite skipped="1" hostname="PC" name="com.mavenproj.authenticationAndauthorization" tests="4" failures="0" timestamp="16 May 2021 11:55:48 GMT" time="77.413" errors="0">
  <testcase name="Authoeizationwithtoken" time="11.385" classname="com.mavenproj.authenticationAndauthorization"/>
  <testcase name="getbooks" time="63.775" classname="com.mavenproj.authenticationAndauthorization"/>
  <testcase name="outhtesting" time="2.253" classname="com.mavenproj.authenticationAndauthorization"/>
  <testcase name="Authortization" classname="com.mavenproj.authenticationAndauthorization">
    <skipped/>
  </testcase> <!-- Authortization -->
</testsuite> <!-- com.mavenproj.authenticationAndauthorization -->
