<?xml version="1.0" encoding="UTF-8"?>
<!-- Generated by org.testng.reporters.JUnitReportReporter -->
<testsuite skipped="0" hostname="PC" name="com.mavenproj.NewTestPOst" tests="1" failures="0" timestamp="26 May 2020 02:54:55 GMT" time="5.914" errors="0">
  <testcase name="Assignment3" time="5.914" classname="com.mavenproj.NewTestPOst"/>
</testsuite> <!-- com.mavenproj.NewTestPOst -->
