<?xml version="1.0" encoding="UTF-8"?>
<!-- Generated by org.testng.reporters.JUnitReportReporter -->
<testsuite hostname="PC" name="Testclass" tests="1" failures="0" timestamp="23 Aug 2019 04:58:15 GMT" time="14.777" errors="0">
  <testcase name="f" time="14.777" classname="Testclass"/>
</testsuite> <!-- Testclass -->
