<?xml version="1.0" encoding="UTF-8"?>
<!-- Generated by org.testng.reporters.JUnitReportReporter -->
<testsuite skipped="0" hostname="PC" name="com.mavenproj.NewTest" tests="2" failures="0" timestamp="26 May 2020 02:54:55 GMT" time="4.798" errors="0">
  <testcase name="assignmnet1" time="3.357" classname="com.mavenproj.NewTest"/>
  <testcase name="Assignment2" time="1.441" classname="com.mavenproj.NewTest"/>
</testsuite> <!-- com.mavenproj.NewTest -->
