<?xml version="1.0" encoding="UTF-8"?>
<!-- Generated by org.testng.reporters.JUnitReportReporter -->
<testsuite hostname="PC" name="com.mavenproj.Testclass" tests="2" failures="0" timestamp="24 Aug 2019 18:48:41 GMT" time="18.670" errors="0">
  <testcase name="getlogin" time="13.012" classname="com.mavenproj.Testclass"/>
  <testcase name="googlesearch" time="5.658" classname="com.mavenproj.Testclass"/>
</testsuite> <!-- com.mavenproj.Testclass -->
