<?xml version="1.0" encoding="UTF-8"?>
<!-- Generated by org.testng.reporters.JUnitReportReporter -->
<testsuite skipped="0" hostname="PC" name="com.mavenproj.practice" tests="1" failures="0" timestamp="06 Jun 2021 12:11:27 GMT" time="19.214" errors="0">
  <testcase name="practice1" time="19.214" classname="com.mavenproj.practice"/>
</testsuite> <!-- com.mavenproj.practice -->
